<?xml version="1.0" encoding="UTF-8"?>
<!-- Generated by org.testng.reporters.JUnitXMLReporter -->
<testsuite hostname="ip-172-31-23-119" ignored="0" name="Test" tests="4" failures="0" timestamp="2022-04-07T05:55:23 UTC" time="6.365" errors="0">
  <testcase name="ExternalDataTest" time="0.45" classname="testcases.SaucedemoLoginTest"/>
  <testcase name="LoginFailiureTest" time="0.308" classname="testcases.SaucedemoLoginTest"/>
  <testcase name="LoginSuccessTest" time="0.281" classname="testcases.SaucedemoLoginTest"/>
  <testcase name="ParameterizedTest" time="0.291" classname="testcases.SaucedemoLoginTest"/>
</testsuite> <!-- Test -->
