<?xml version="1.0" encoding="UTF-8"?>
<!-- Generated by org.testng.reporters.JUnitXMLReporter -->
<testsuite hostname="ip-172-31-23-119" ignored="0" name="Test" tests="4" failures="0" timestamp="2022-04-07T07:46:50 UTC" time="5.76" errors="0">
  <testcase name="ExternalDataTest" time="0.324" classname="testcases.SaucedemoLoginTest"/>
  <testcase name="LoginFailiureTest" time="0.314" classname="testcases.SaucedemoLoginTest"/>
  <testcase name="LoginSuccessTest" time="0.275" classname="testcases.SaucedemoLoginTest"/>
  <testcase name="ParameterizedTest" time="0.279" classname="testcases.SaucedemoLoginTest"/>
</testsuite> <!-- Test -->
